2022.09.11 18:05:23 INFO  tracing is disabled for protocol LSP, to enable tracing of incoming and outgoing JSON messages create an empty file at c:\Users\gruteke\Documents\GitHub\play-scala-react-seed\.metals\lsp.trace.json or C:\Users\gruteke\AppData\Local\scalameta\metals\cache\lsp.trace.json
2022.09.11 18:05:25 INFO  logging to file C:\Users\gruteke\Documents\GitHub\play-scala-react-seed\.metals\metals.log
2022.09.11 18:05:25 INFO  Started: Metals version 0.11.8 in workspace 'C:\Users\gruteke\Documents\GitHub\play-scala-react-seed' for client Visual Studio Code 1.71.0.
2022.09.11 18:05:27 WARN  Flyway upgrade recommended: H2 2.1.214 is newer than this version of Flyway and support has not been tested. The latest supported version of H2 is 2.1.210.
2022.09.11 18:05:27 INFO  time: initialize in 2.53s
2022.09.11 18:05:31 WARN  Build server is not auto-connectable.
2022.09.11 18:05:34 INFO  running 'C:\Program Files\AdoptOpenJDK\jdk-11.0.7.10-openj9\bin\java -Djline.terminal=jline.UnsupportedTerminal -Dsbt.log.noformat=true -Dfile.encoding=UTF-8 -jar C:\Users\gruteke\AppData\Local\Temp\metals11446623065757223380\sbt-launch.jar -Dbloop.export-jar-classifiers=sources bloopInstall'
2022.09.11 18:05:39 INFO  [info] welcome to sbt 1.7.1 (Eclipse OpenJ9 Java 11.0.7)
2022.09.11 18:05:41 INFO  [info] loading global plugins from C:\Users\gruteke\.sbt\1.0\plugins
2022.09.11 18:05:46 INFO  [info] loading settings for project play-scala-react-seed-build-build-build from metals.sbt ...
2022.09.11 18:05:46 INFO  [info] loading project definition from C:\Users\gruteke\Documents\GitHub\play-scala-react-seed\project\project\project
2022.09.11 18:05:51 INFO  [info] loading settings for project play-scala-react-seed-build-build from metals.sbt ...
2022.09.11 18:05:51 INFO  [info] loading project definition from C:\Users\gruteke\Documents\GitHub\play-scala-react-seed\project\project
2022.09.11 18:05:58 INFO  [success] Generated .bloop\play-scala-react-seed-build-build.json
2022.09.11 18:05:58 INFO  [success] Total time: 7 s, completed 11 בספט׳ 2022, 18:05:59
2022.09.11 18:06:01 INFO  [info] loading settings for project play-scala-react-seed-build from metals.sbt,plugins.sbt ...
2022.09.11 18:06:01 INFO  [info] loading project definition from C:\Users\gruteke\Documents\GitHub\play-scala-react-seed\project
2022.09.11 18:06:13 INFO  [warn] 
2022.09.11 18:06:13 INFO  [warn] 	Note: Some unresolved dependencies have extra attributes.  Check that these dependencies exist with the requested attributes.
2022.09.11 18:06:13 INFO  [warn] 		org.scalameta:sbt-scalafmt:2.4.6 (sbtVersion=1.0, scalaVersion=2.12)
2022.09.11 18:06:13 INFO  [warn] 
2022.09.11 18:06:13 INFO  [warn] 	Note: Unresolved dependencies path:
2022.09.11 18:06:13 INFO  [error] Couldn't run bloopGenerate for play-scala-react-seed-build. Cause:
2022.09.11 18:06:13 INFO  [error] Incomplete(node=Some(Task(_)), tpe=Error, msg=None, causes=List(Incomplete(node=Some(Task(_)), tpe=Error, msg=None, causes=List(Incomplete(node=Some(Task(_)), tpe=Error, msg=None, causes=List(Incomplete(node=Some(Task((tags: Map(Tag(update) -> 1, Tag(network) -> 1), taskDefinitionKey: ScopedKey(Scope(Select(ProjectRef(file:/C:/Users/gruteke/Documents/GitHub/play-scala-react-seed/project/,play-scala-react-seed-build)), Zero, Zero, Zero),updateClassifiers)))), tpe=Error, msg=None, causes=List(Incomplete(node=Some(Task((taskDefinitionKey: ScopedKey(Scope(Select(ProjectRef(file:/C:/Users/gruteke/Documents/GitHub/play-scala-react-seed/project/,play-scala-react-seed-build)), Zero, Select(updateClassifiers), Zero),classifiersModule)))), tpe=Error, msg=None, causes=List(Incomplete(node=Some(Task((taskDefinitionKey: ScopedKey(Scope(Select(ProjectRef(file:/C:/Users/gruteke/Documents/GitHub/play-scala-react-seed/project/,play-scala-react-seed-build)), Zero, Zero, Zero),update)))), tpe=Error, msg=None, causes=List(Incomplete(node=Some(Task((tags: Map(Tag(update) -> 1, Tag(network) -> 1), taskDefinitionKey: ScopedKey(Scope(Select(ProjectRef(file:/C:/Users/gruteke/Documents/GitHub/play-scala-react-seed/project/,play-scala-react-seed-build)), Zero, Zero, Zero),update)))), tpe=Error, msg=None, causes=List(), directCause=Some(sbt.librarymanagement.ResolveException: Error downloading org.scalameta:sbt-scalafmt;sbtVersion=1.0;scalaVersion=2.12:2.4.6
2022.09.11 18:06:13 INFO  [error]   Not found
2022.09.11 18:06:13 INFO  [error]   Not found
2022.09.11 18:06:13 INFO  [error]   download error: Caught javax.net.ssl.SSLHandshakeException (PKIX path building failed: sun.security.provider.certpath.SunCertPathBuilderException: unable to find valid certification path to requested target) while downloading https://repo1.maven.org/maven2/org/scalameta/sbt-scalafmt_2.12_1.0/2.4.6/sbt-scalafmt-2.4.6.pom
2022.09.11 18:06:13 INFO  [error]   not found: C:\Users\gruteke\.ivy2\localorg.scalameta\sbt-scalafmt\scala_2.12\sbt_1.0\2.4.6\ivys\ivy.xml
2022.09.11 18:06:13 INFO  [error]   download error: Caught javax.net.ssl.SSLHandshakeException (PKIX path building failed: sun.security.provider.certpath.SunCertPathBuilderException: unable to find valid certification path to requested target) while downloading https://repo.scala-sbt.org/scalasbt/sbt-plugin-releases/org.scalameta/sbt-scalafmt/scala_2.12/sbt_1.0/2.4.6/ivys/ivy.xml
2022.09.11 18:06:13 INFO  [error]   download error: Caught javax.net.ssl.SSLHandshakeException (PKIX path building failed: sun.security.provider.certpath.SunCertPathBuilderException: unable to find valid certification path to requested target) while downloading https://repo.typesafe.com/typesafe/ivy-releases/org.scalameta/sbt-scalafmt/scala_2.12/sbt_1.0/2.4.6/ivys/ivy.xml
2022.09.11 18:06:13 INFO  [error] Error downloading org.scala-lang.modules:scala-xml_2.12:1.1.1
2022.09.11 18:06:13 INFO  [error]   Not found
2022.09.11 18:06:13 INFO  [error]   Not found
2022.09.11 18:06:13 INFO  [error]   download error: Caught javax.net.ssl.SSLHandshakeException (PKIX path building failed: sun.security.provider.certpath.SunCertPathBuilderException: unable to find valid certification path to requested target) while downloading https://repo1.maven.org/maven2/org/scala-lang/modules/scala-xml_2.12/1.1.1/scala-xml_2.12-1.1.1.pom
2022.09.11 18:06:13 INFO  [error]   not found: C:\Users\gruteke\.ivy2\localorg.scala-lang.modules\scala-xml_2.12\1.1.1\ivys\ivy.xml
2022.09.11 18:06:13 INFO  [error]   download error: Caught javax.net.ssl.SSLHandshakeException (PKIX path building failed: sun.security.provider.certpath.SunCertPathBuilderException: unable to find valid certification path to requested target) while downloading https://repo.scala-sbt.org/scalasbt/sbt-plugin-releases/org.scala-lang.modules/scala-xml_2.12/1.1.1/ivys/ivy.xml
2022.09.11 18:06:13 INFO  [error]   download error: Caught javax.net.ssl.SSLHandshakeException (PKIX path building failed: sun.security.provider.certpath.SunCertPathBuilderException: unable to find valid certification path to requested target) while downloading https://repo.typesafe.com/typesafe/ivy-releases/org.scala-lang.modules/scala-xml_2.12/1.1.1/ivys/ivy.xml
2022.09.11 18:06:13 INFO  [error] Error downloading org.scala-sbt:io_2.12:1.2.2
2022.09.11 18:06:13 INFO  [error]   Not found
2022.09.11 18:06:13 INFO  [error]   Not found
2022.09.11 18:06:13 INFO  [error]   download error: Caught javax.net.ssl.SSLHandshakeException (PKIX path building failed: sun.security.provider.certpath.SunCertPathBuilderException: unable to find valid certification path to requested target) while downloading https://repo1.maven.org/maven2/org/scala-sbt/io_2.12/1.2.2/io_2.12-1.2.2.pom
2022.09.11 18:06:13 INFO  [error]   not found: C:\Users\gruteke\.ivy2\localorg.scala-sbt\io_2.12\1.2.2\ivys\ivy.xml
2022.09.11 18:06:13 INFO  [error]   download error: Caught javax.net.ssl.SSLHandshakeException (PKIX path building failed: sun.security.provider.certpath.SunCertPathBuilderException: unable to find valid certification path to requested target) while downloading https://repo.scala-sbt.org/scalasbt/sbt-plugin-releases/org.scala-sbt/io_2.12/1.2.2/ivys/ivy.xml
2022.09.11 18:06:13 INFO  [error]   download error: Caught javax.net.ssl.SSLHandshakeException (PKIX path building failed: sun.security.provider.certpath.SunCertPathBuilderException: unable to find valid certification path to requested target) while downloading https://repo.typesafe.com/typesafe/ivy-releases/org.scala-sbt/io_2.12/1.2.2/ivys/ivy.xml))), directCause=None)), directCause=None)), directCause=None)), directCause=None)), directCause=None), Incomplete(node=Some(Task((taskDefinitionKey: ScopedKey(Scope(Select(ProjectRef(file:/C:/Users/gruteke/Documents/GitHub/play-scala-react-seed/project/,play-scala-react-seed-build)), Zero, Zero, Zero),update)))), tpe=Error, msg=None, causes=List(Incomplete(node=Some(Task((tags: Map(Tag(update) -> 1, Tag(network) -> 1), taskDefinitionKey: ScopedKey(Scope(Select(ProjectRef(file:/C:/Users/gruteke/Documents/GitHub/play-scala-react-seed/project/,play-scala-react-seed-build)), Zero, Zero, Zero),update)))), tpe=Error, msg=None, causes=List(), directCause=Some(sbt.librarymanagement.ResolveException: Error downloading org.scalameta:sbt-scalafmt;sbtVersion=1.0;scalaVersion=2.12:2.4.6
2022.09.11 18:06:13 INFO  [error]   Not found
2022.09.11 18:06:13 INFO  [error]   Not found
2022.09.11 18:06:13 INFO  [error]   download error: Caught javax.net.ssl.SSLHandshakeException (PKIX path building failed: sun.security.provider.certpath.SunCertPathBuilderException: unable to find valid certification path to requested target) while downloading https://repo1.maven.org/maven2/org/scalameta/sbt-scalafmt_2.12_1.0/2.4.6/sbt-scalafmt-2.4.6.pom
2022.09.11 18:06:13 INFO  [error]   not found: C:\Users\gruteke\.ivy2\localorg.scalameta\sbt-scalafmt\scala_2.12\sbt_1.0\2.4.6\ivys\ivy.xml
2022.09.11 18:06:13 INFO  [error]   download error: Caught javax.net.ssl.SSLHandshakeException (PKIX path building failed: sun.security.provider.certpath.SunCertPathBuilderException: unable to find valid certification path to requested target) while downloading https://repo.scala-sbt.org/scalasbt/sbt-plugin-releases/org.scalameta/sbt-scalafmt/scala_2.12/sbt_1.0/2.4.6/ivys/ivy.xml
2022.09.11 18:06:13 INFO  [error]   download error: Caught javax.net.ssl.SSLHandshakeException (PKIX path building failed: sun.security.provider.certpath.SunCertPathBuilderException: unable to find valid certification path to requested target) while downloading https://repo.typesafe.com/typesafe/ivy-releases/org.scalameta/sbt-scalafmt/scala_2.12/sbt_1.0/2.4.6/ivys/ivy.xml
2022.09.11 18:06:13 INFO  [error] Error downloading org.scala-lang.modules:scala-xml_2.12:1.1.1
2022.09.11 18:06:13 INFO  [error]   Not found
2022.09.11 18:06:13 INFO  [error]   Not found
2022.09.11 18:06:13 INFO  [error]   download error: Caught javax.net.ssl.SSLHandshakeException (PKIX path building failed: sun.security.provider.certpath.SunCertPathBuilderException: unable to find valid certification path to requested target) while downloading https://repo1.maven.org/maven2/org/scala-lang/modules/scala-xml_2.12/1.1.1/scala-xml_2.12-1.1.1.pom
2022.09.11 18:06:13 INFO  [error]   not found: C:\Users\gruteke\.ivy2\localorg.scala-lang.modules\scala-xml_2.12\1.1.1\ivys\ivy.xml
2022.09.11 18:06:13 INFO  [error]   download error: Caught javax.net.ssl.SSLHandshakeException (PKIX path building failed: sun.security.provider.certpath.SunCertPathBuilderException: unable to find valid certification path to requested target) while downloading https://repo.scala-sbt.org/scalasbt/sbt-plugin-releases/org.scala-lang.modules/scala-xml_2.12/1.1.1/ivys/ivy.xml
2022.09.11 18:06:13 INFO  [error]   download error: Caught javax.net.ssl.SSLHandshakeException (PKIX path building failed: sun.security.provider.certpath.SunCertPathBuilderException: unable to find valid certification path to requested target) while downloading https://repo.typesafe.com/typesafe/ivy-releases/org.scala-lang.modules/scala-xml_2.12/1.1.1/ivys/ivy.xml
2022.09.11 18:06:13 INFO  [error] Error downloading org.scala-sbt:io_2.12:1.2.2
2022.09.11 18:06:13 INFO  [error]   Not found
2022.09.11 18:06:13 INFO  [error]   Not found
2022.09.11 18:06:13 INFO  [error]   download error: Caught javax.net.ssl.SSLHandshakeException (PKIX path building failed: sun.security.provider.certpath.SunCertPathBuilderException: unable to find valid certification path to requested target) while downloading https://repo1.maven.org/maven2/org/scala-sbt/io_2.12/1.2.2/io_2.12-1.2.2.pom
2022.09.11 18:06:13 INFO  [error]   not found: C:\Users\gruteke\.ivy2\localorg.scala-sbt\io_2.12\1.2.2\ivys\ivy.xml
2022.09.11 18:06:13 INFO  [error]   download error: Caught javax.net.ssl.SSLHandshakeException (PKIX path building failed: sun.security.provider.certpath.SunCertPathBuilderException: unable to find valid certification path to requested target) while downloading https://repo.scala-sbt.org/scalasbt/sbt-plugin-releases/org.scala-sbt/io_2.12/1.2.2/ivys/ivy.xml
2022.09.11 18:06:13 INFO  [error]   download error: Caught javax.net.ssl.SSLHandshakeException (PKIX path building failed: sun.security.provider.certpath.SunCertPathBuilderException: unable to find valid certification path to requested target) while downloading https://repo.typesafe.com/typesafe/ivy-releases/org.scala-sbt/io_2.12/1.2.2/ivys/ivy.xml))), directCause=None), Incomplete(node=Some(Task(_)), tpe=Error, msg=None, causes=List(Incomplete(node=Some(Task(_)), tpe=Error, msg=None, causes=List(Incomplete(node=Some(Task((taskDefinitionKey: ScopedKey(Scope(Select(ProjectRef(file:/C:/Users/gruteke/Documents/GitHub/play-scala-react-seed/project/,play-scala-react-seed-build)), Select(ConfigKey(compile)), Zero, Zero),externalDependencyClasspath)))), tpe=Error, msg=None, causes=List(Incomplete(node=Some(Task(_)), tpe=Error, msg=None, causes=List(Incomplete(node=Some(Task((taskDefinitionKey: ScopedKey(Scope(Select(ProjectRef(file:/C:/Users/gruteke/Documents/GitHub/play-scala-react-seed/project/,play-scala-react-seed-build)), Select(ConfigKey(compile)), Zero, Zero),managedClasspath)))), tpe=Error, msg=None, causes=List(Incomplete(node=Some(Task(_)), tpe=Error, msg=None, causes=List(Incomplete(node=Some(Task((taskDefinitionKey: ScopedKey(Scope(Select(ProjectRef(file:/C:/Users/gruteke/Documents/GitHub/play-scala-react-seed/project/,play-scala-react-seed-build)), Zero, Zero, Zero),update)))), tpe=Error, msg=None, causes=List(Incomplete(node=Some(Task((tags: Map(Tag(update) -> 1, Tag(network) -> 1), taskDefinitionKey: ScopedKey(Scope(Select(ProjectRef(file:/C:/Users/gruteke/Documents/GitHub/play-scala-react-seed/project/,play-scala-react-seed-build)), Zero, Zero, Zero),update)))), tpe=Error, msg=None, causes=List(), directCause=Some(sbt.librarymanagement.ResolveException: Error downloading org.scalameta:sbt-scalafmt;sbtVersion=1.0;scalaVersion=2.12:2.4.6
2022.09.11 18:06:13 INFO  [error]   Not found
2022.09.11 18:06:13 INFO  [error]   Not found
2022.09.11 18:06:13 INFO  [error]   download error: Caught javax.net.ssl.SSLHandshakeException (PKIX path building failed: sun.security.provider.certpath.SunCertPathBuilderException: unable to find valid certification path to requested target) while downloading https://repo1.maven.org/maven2/org/scalameta/sbt-scalafmt_2.12_1.0/2.4.6/sbt-scalafmt-2.4.6.pom
2022.09.11 18:06:13 INFO  [error]   not found: C:\Users\gruteke\.ivy2\localorg.scalameta\sbt-scalafmt\scala_2.12\sbt_1.0\2.4.6\ivys\ivy.xml
2022.09.11 18:06:13 INFO  [error]   download error: Caught javax.net.ssl.SSLHandshakeException (PKIX path building failed: sun.security.provider.certpath.SunCertPathBuilderException: unable to find valid certification path to requested target) while downloading https://repo.scala-sbt.org/scalasbt/sbt-plugin-releases/org.scalameta/sbt-scalafmt/scala_2.12/sbt_1.0/2.4.6/ivys/ivy.xml
2022.09.11 18:06:13 INFO  [error]   download error: Caught javax.net.ssl.SSLHandshakeException (PKIX path building failed: sun.security.provider.certpath.SunCertPathBuilderException: unable to find valid certification path to requested target) while downloading https://repo.typesafe.com/typesafe/ivy-releases/org.scalameta/sbt-scalafmt/scala_2.12/sbt_1.0/2.4.6/ivys/ivy.xml
2022.09.11 18:06:13 INFO  [error] Error downloading org.scala-lang.modules:scala-xml_2.12:1.1.1
2022.09.11 18:06:13 INFO  [error]   Not found
2022.09.11 18:06:13 INFO  [error]   Not found
2022.09.11 18:06:13 INFO  [error]   download error: Caught javax.net.ssl.SSLHandshakeException (PKIX path building failed: sun.security.provider.certpath.SunCertPathBuilderException: unable to find valid certification path to requested target) while downloading https://repo1.maven.org/maven2/org/scala-lang/modules/scala-xml_2.12/1.1.1/scala-xml_2.12-1.1.1.pom
2022.09.11 18:06:13 INFO  [error]   not found: C:\Users\gruteke\.ivy2\localorg.scala-lang.modules\scala-xml_2.12\1.1.1\ivys\ivy.xml
2022.09.11 18:06:13 INFO  [error]   download error: Caught javax.net.ssl.SSLHandshakeException (PKIX path building failed: sun.security.provider.certpath.SunCertPathBuilderException: unable to find valid certification path to requested target) while downloading https://repo.scala-sbt.org/scalasbt/sbt-plugin-releases/org.scala-lang.modules/scala-xml_2.12/1.1.1/ivys/ivy.xml
2022.09.11 18:06:13 INFO  [error]   download error: Caught javax.net.ssl.SSLHandshakeException (PKIX path building failed: sun.security.provider.certpath.SunCertPathBuilderException: unable to find valid certification path to requested target) while downloading https://repo.typesafe.com/typesafe/ivy-releases/org.scala-lang.modules/scala-xml_2.12/1.1.1/ivys/ivy.xml
2022.09.11 18:06:13 INFO  [error] Error downloading org.scala-sbt:io_2.12:1.2.2
2022.09.11 18:06:13 INFO  [error]   Not found
2022.09.11 18:06:13 INFO  [error]   Not found
2022.09.11 18:06:13 INFO  [error]   download error: Caught javax.net.ssl.SSLHandshakeException (PKIX path building failed: sun.security.provider.certpath.SunCertPathBuilderException: unable to find valid certification path to requested target) while downloading https://repo1.maven.org/maven2/org/scala-sbt/io_2.12/1.2.2/io_2.12-1.2.2.pom
2022.09.11 18:06:13 INFO  [error]   not found: C:\Users\gruteke\.ivy2\localorg.scala-sbt\io_2.12\1.2.2\ivys\ivy.xml
2022.09.11 18:06:13 INFO  [error]   download error: Caught javax.net.ssl.SSLHandshakeException (PKIX path building failed: sun.security.provider.certpath.SunCertPathBuilderException: unable to find valid certification path to requested target) while downloading https://repo.scala-sbt.org/scalasbt/sbt-plugin-releases/org.scala-sbt/io_2.12/1.2.2/ivys/ivy.xml
2022.09.11 18:06:13 INFO  [error]   download error: Caught javax.net.ssl.SSLHandshakeException (PKIX path building failed: sun.security.provider.certpath.SunCertPathBuilderException: unable to find valid certification path to requested target) while downloading https://repo.typesafe.com/typesafe/ivy-releases/org.scala-sbt/io_2.12/1.2.2/ivys/ivy.xml))), directCause=None), Incomplete(node=Some(Task((taskDefinitionKey: ScopedKey(Scope(Select(ProjectRef(file:/C:/Users/gruteke/Documents/GitHub/play-scala-react-seed/project/,play-scala-react-seed-build)), Select(ConfigKey(compile)), Zero, Zero),classpathConfiguration)))), tpe=Error, msg=None, causes=List(Incomplete(node=Some(Task((taskDefinitionKey: ScopedKey(Scope(Select(ProjectRef(file:/C:/Users/gruteke/Documents/GitHub/play-scala-react-seed/project/,play-scala-react-seed-build)), Zero, Zero, Zero),update)))), tpe=Error, msg=None, causes=List(Incomplete(node=Some(Task((tags: Map(Tag(update) -> 1, Tag(network) -> 1), taskDefinitionKey: ScopedKey(Scope(Select(ProjectRef(file:/C:/Users/gruteke/Documents/GitHub/play-scala-react-seed/project/,play-scala-react-seed-build)), Zero, Zero, Zero),update)))), tpe=Error, msg=None, causes=List(), directCause=Some(sbt.librarymanagement.ResolveException: Error downloading org.scalameta:sbt-scalafmt;sbtVersion=1.0;scalaVersion=2.12:2.4.6
2022.09.11 18:06:13 INFO  [error]   Not found
2022.09.11 18:06:13 INFO  [error]   Not found
2022.09.11 18:06:13 INFO  [error]   download error: Caught javax.net.ssl.SSLHandshakeException (PKIX path building failed: sun.security.provider.certpath.SunCertPathBuilderException: unable to find valid certification path to requested target) while downloading https://repo1.maven.org/maven2/org/scalameta/sbt-scalafmt_2.12_1.0/2.4.6/sbt-scalafmt-2.4.6.pom
2022.09.11 18:06:13 INFO  [error]   not found: C:\Users\gruteke\.ivy2\localorg.scalameta\sbt-scalafmt\scala_2.12\sbt_1.0\2.4.6\ivys\ivy.xml
2022.09.11 18:06:13 INFO  [error]   download error: Caught javax.net.ssl.SSLHandshakeException (PKIX path building failed: sun.security.provider.certpath.SunCertPathBuilderException: unable to find valid certification path to requested target) while downloading https://repo.scala-sbt.org/scalasbt/sbt-plugin-releases/org.scalameta/sbt-scalafmt/scala_2.12/sbt_1.0/2.4.6/ivys/ivy.xml
2022.09.11 18:06:13 INFO  [error]   download error: Caught javax.net.ssl.SSLHandshakeException (PKIX path building failed: sun.security.provider.certpath.SunCertPathBuilderException: unable to find valid certification path to requested target) while downloading https://repo.typesafe.com/typesafe/ivy-releases/org.scalameta/sbt-scalafmt/scala_2.12/sbt_1.0/2.4.6/ivys/ivy.xml
2022.09.11 18:06:13 INFO  [error] Error downloading org.scala-lang.modules:scala-xml_2.12:1.1.1
2022.09.11 18:06:13 INFO  [error]   Not found
2022.09.11 18:06:13 INFO  [error]   Not found
2022.09.11 18:06:13 INFO  [error]   download error: Caught javax.net.ssl.SSLHandshakeException (PKIX path building failed: sun.security.provider.certpath.SunCertPathBuilderException: unable to find valid certification path to requested target) while downloading https://repo1.maven.org/maven2/org/scala-lang/modules/scala-xml_2.12/1.1.1/scala-xml_2.12-1.1.1.pom
2022.09.11 18:06:13 INFO  [error]   not found: C:\Users\gruteke\.ivy2\localorg.scala-lang.modules\scala-xml_2.12\1.1.1\ivys\ivy.xml
2022.09.11 18:06:13 INFO  [error]   download error: Caught javax.net.ssl.SSLHandshakeException (PKIX path building failed: sun.security.provider.certpath.SunCertPathBuilderException: unable to find valid certification path to requested target) while downloading https://repo.scala-sbt.org/scalasbt/sbt-plugin-releases/org.scala-lang.modules/scala-xml_2.12/1.1.1/ivys/ivy.xml
2022.09.11 18:06:13 INFO  [error]   download error: Caught javax.net.ssl.SSLHandshakeException (PKIX path building failed: sun.security.provider.certpath.SunCertPathBuilderException: unable to find valid certification path to requested target) while downloading https://repo.typesafe.com/typesafe/ivy-releases/org.scala-lang.modules/scala-xml_2.12/1.1.1/ivys/ivy.xml
2022.09.11 18:06:13 INFO  [error] Error downloading org.scala-sbt:io_2.12:1.2.2
2022.09.11 18:06:13 INFO  [error]   Not found
2022.09.11 18:06:13 INFO  [error]   Not found
2022.09.11 18:06:13 INFO  [error]   download error: Caught javax.net.ssl.SSLHandshakeException (PKIX path building failed: sun.security.provider.certpath.SunCertPathBuilderException: unable to find valid certification path to requested target) while downloading https://repo1.maven.org/maven2/org/scala-sbt/io_2.12/1.2.2/io_2.12-1.2.2.pom
2022.09.11 18:06:13 INFO  [error]   not found: C:\Users\gruteke\.ivy2\localorg.scala-sbt\io_2.12\1.2.2\ivys\ivy.xml
2022.09.11 18:06:13 INFO  [error]   download error: Caught javax.net.ssl.SSLHandshakeException (PKIX path building failed: sun.security.provider.certpath.SunCertPathBuilderException: unable to find valid certification path to requested target) while downloading https://repo.scala-sbt.org/scalasbt/sbt-plugin-releases/org.scala-sbt/io_2.12/1.2.2/ivys/ivy.xml
2022.09.11 18:06:13 INFO  [error]   download error: Caught javax.net.ssl.SSLHandshakeException (PKIX path building failed: sun.security.provider.certpath.SunCertPathBuilderException: unable to find valid certification path to requested target) while downloading https://repo.typesafe.com/typesafe/ivy-releases/org.scala-sbt/io_2.12/1.2.2/ivys/ivy.xml))), directCause=None)), directCause=None)), directCause=None)), directCause=None)), directCause=None)), directCause=None)), directCause=None)), directCause=None), Incomplete(node=Some(Task((taskDefinitionKey: ScopedKey(Scope(Select(ProjectRef(file:/C:/Users/gruteke/Documents/GitHub/play-scala-react-seed/project/,play-scala-react-seed-build)), Select(ConfigKey(compile)), Zero, Zero),bloopInternalClasspath)))), tpe=Error, msg=None, causes=List(Incomplete(node=Some(Task(_)), tpe=Error, msg=None, causes=List(Incomplete(node=Some(Task((taskDefinitionKey: ScopedKey(Scope(Select(ProjectRef(file:/C:/Users/gruteke/Documents/GitHub/play-scala-react-seed/project/,play-scala-react-seed-build)), Select(ConfigKey(compile)), Zero, Zero),classpathConfiguration)))), tpe=Error, msg=None, causes=List(Incomplete(node=Some(Task((taskDefinitionKey: ScopedKey(Scope(Select(ProjectRef(file:/C:/Users/gruteke/Documents/GitHub/play-scala-react-seed/project/,play-scala-react-seed-build)), Zero, Zero, Zero),update)))), tpe=Error, msg=None, causes=List(Incomplete(node=Some(Task((tags: Map(Tag(update) -> 1, Tag(network) -> 1), taskDefinitionKey: ScopedKey(Scope(Select(ProjectRef(file:/C:/Users/gruteke/Documents/GitHub/play-scala-react-seed/project/,play-scala-react-seed-build)), Zero, Zero, Zero),update)))), tpe=Error, msg=None, causes=List(), directCause=Some(sbt.librarymanagement.ResolveException: Error downloading org.scalameta:sbt-scalafmt;sbtVersion=1.0;scalaVersion=2.12:2.4.6
2022.09.11 18:06:13 INFO  [error]   Not found
2022.09.11 18:06:13 INFO  [error]   Not found
2022.09.11 18:06:13 INFO  [error]   download error: Caught javax.net.ssl.SSLHandshakeException (PKIX path building failed: sun.security.provider.certpath.SunCertPathBuilderException: unable to find valid certification path to requested target) while downloading https://repo1.maven.org/maven2/org/scalameta/sbt-scalafmt_2.12_1.0/2.4.6/sbt-scalafmt-2.4.6.pom
2022.09.11 18:06:13 INFO  [error]   not found: C:\Users\gruteke\.ivy2\localorg.scalameta\sbt-scalafmt\scala_2.12\sbt_1.0\2.4.6\ivys\ivy.xml
2022.09.11 18:06:13 INFO  [error]   download error: Caught javax.net.ssl.SSLHandshakeException (PKIX path building failed: sun.security.provider.certpath.SunCertPathBuilderException: unable to find valid certification path to requested target) while downloading https://repo.scala-sbt.org/scalasbt/sbt-plugin-releases/org.scalameta/sbt-scalafmt/scala_2.12/sbt_1.0/2.4.6/ivys/ivy.xml
2022.09.11 18:06:13 INFO  [error]   download error: Caught javax.net.ssl.SSLHandshakeException (PKIX path building failed: sun.security.provider.certpath.SunCertPathBuilderException: unable to find valid certification path to requested target) while downloading https://repo.typesafe.com/typesafe/ivy-releases/org.scalameta/sbt-scalafmt/scala_2.12/sbt_1.0/2.4.6/ivys/ivy.xml
2022.09.11 18:06:13 INFO  [error] Error downloading org.scala-lang.modules:scala-xml_2.12:1.1.1
2022.09.11 18:06:13 INFO  [error]   Not found
2022.09.11 18:06:13 INFO  [error]   Not found
2022.09.11 18:06:13 INFO  [error]   download error: Caught javax.net.ssl.SSLHandshakeException (PKIX path building failed: sun.security.provider.certpath.SunCertPathBuilderException: unable to find valid certification path to requested target) while downloading https://repo1.maven.org/maven2/org/scala-lang/modules/scala-xml_2.12/1.1.1/scala-xml_2.12-1.1.1.pom
2022.09.11 18:06:13 INFO  [error]   not found: C:\Users\gruteke\.ivy2\localorg.scala-lang.modules\scala-xml_2.12\1.1.1\ivys\ivy.xml
2022.09.11 18:06:13 INFO  [error]   download error: Caught javax.net.ssl.SSLHandshakeException (PKIX path building failed: sun.security.provider.certpath.SunCertPathBuilderException: unable to find valid certification path to requested target) while downloading https://repo.scala-sbt.org/scalasbt/sbt-plugin-releases/org.scala-lang.modules/scala-xml_2.12/1.1.1/ivys/ivy.xml
2022.09.11 18:06:13 INFO  [error]   download error: Caught javax.net.ssl.SSLHandshakeException (PKIX path building failed: sun.security.provider.certpath.SunCertPathBuilderException: unable to find valid certification path to requested target) while downloading https://repo.typesafe.com/typesafe/ivy-releases/org.scala-lang.modules/scala-xml_2.12/1.1.1/ivys/ivy.xml
2022.09.11 18:06:13 INFO  [error] Error downloading org.scala-sbt:io_2.12:1.2.2
2022.09.11 18:06:13 INFO  [error]   Not found
2022.09.11 18:06:13 INFO  [error]   Not found
2022.09.11 18:06:13 INFO  [error]   download error: Caught javax.net.ssl.SSLHandshakeException (PKIX path building failed: sun.security.provider.certpath.SunCertPathBuilderException: unable to find valid certification path to requested target) while downloading https://repo1.maven.org/maven2/org/scala-sbt/io_2.12/1.2.2/io_2.12-1.2.2.pom
2022.09.11 18:06:13 INFO  [error]   not found: C:\Users\gruteke\.ivy2\localorg.scala-sbt\io_2.12\1.2.2\ivys\ivy.xml
2022.09.11 18:06:13 INFO  [error]   download error: Caught javax.net.ssl.SSLHandshakeException (PKIX path building failed: sun.security.provider.certpath.SunCertPathBuilderException: unable to find valid certification path to requested target) while downloading https://repo.scala-sbt.org/scalasbt/sbt-plugin-releases/org.scala-sbt/io_2.12/1.2.2/ivys/ivy.xml
2022.09.11 18:06:13 INFO  [error]   download error: Caught javax.net.ssl.SSLHandshakeException (PKIX path building failed: sun.security.provider.certpath.SunCertPathBuilderException: unable to find valid certification path to requested target) while downloading https://repo.typesafe.com/typesafe/ivy-releases/org.scala-sbt/io_2.12/1.2.2/ivys/ivy.xml))), directCause=None)), directCause=None)), directCause=None)), directCause=None), Incomplete(node=Some(Task((taskDefinitionKey: ScopedKey(Scope(Select(ProjectRef(file:/C:/Users/gruteke/Documents/GitHub/play-scala-react-seed/project/,play-scala-react-seed-build)), Select(ConfigKey(compile)), Zero, Zero),scalacOptions)))), tpe=Error, msg=None, causes=List(Incomplete(node=Some(Task((taskDefinitionKey: ScopedKey(Scope(Select(ProjectRef(file:/C:/Users/gruteke/Documents/GitHub/play-scala-react-seed/project/,play-scala-react-seed-build)), Select(ConfigKey(compile)), Zero, Zero),scalacOptions)))), tpe=Error, msg=None, causes=List(Incomplete(node=Some(Task((taskDefinitionKey: ScopedKey(Scope(Select(ProjectRef(file:/C:/Users/gruteke/Documents/GitHub/play-scala-react-seed/project/,play-scala-react-seed-build)), Select(ConfigKey(compile)), Zero, Zero),scalacOptions)))), tpe=Error, msg=None, causes=List(Incomplete(node=Some(Task((taskDefinitionKey: ScopedKey(Scope(Select(ProjectRef(file:/C:/Users/gruteke/Documents/GitHub/play-scala-react-seed/project/,play-scala-react-seed-build)), Select(ConfigKey(compile)), Zero, Zero),scalacOptions)))), tpe=Error, msg=None, causes=List(Incomplete(node=Some(Task((taskDefinitionKey: ScopedKey(Scope(Select(ProjectRef(file:/C:/Users/gruteke/Documents/GitHub/play-scala-react-seed/project/,play-scala-react-seed-build)), Select(ConfigKey(compile)), Zero, Zero),scalacOptions)))), tpe=Error, msg=None, causes=List(Incomplete(node=Some(Task((taskDefinitionKey: ScopedKey(Scope(Select(ProjectRef(file:/C:/Users/gruteke/Documents/GitHub/play-scala-react-seed/project/,play-scala-react-seed-build)), Zero, Zero, Zero),update)))), tpe=Error, msg=None, causes=List(Incomplete(node=Some(Task((tags: Map(Tag(update) -> 1, Tag(network) -> 1), taskDefinitionKey: ScopedKey(Scope(Select(ProjectRef(file:/C:/Users/gruteke/Documents/GitHub/play-scala-react-seed/project/,play-scala-react-seed-build)), Zero, Zero, Zero),update)))), tpe=Error, msg=None, causes=List(), directCause=Some(sbt.librarymanagement.ResolveException: Error downloading org.scalameta:sbt-scalafmt;sbtVersion=1.0;scalaVersion=2.12:2.4.6
2022.09.11 18:06:13 INFO  [error]   Not found
2022.09.11 18:06:13 INFO  [error]   Not found
2022.09.11 18:06:13 INFO  [error]   download error: Caught javax.net.ssl.SSLHandshakeException (PKIX path building failed: sun.security.provider.certpath.SunCertPathBuilderException: unable to find valid certification path to requested target) while downloading https://repo1.maven.org/maven2/org/scalameta/sbt-scalafmt_2.12_1.0/2.4.6/sbt-scalafmt-2.4.6.pom
2022.09.11 18:06:13 INFO  [error]   not found: C:\Users\gruteke\.ivy2\localorg.scalameta\sbt-scalafmt\scala_2.12\sbt_1.0\2.4.6\ivys\ivy.xml
2022.09.11 18:06:13 INFO  [error]   download error: Caught javax.net.ssl.SSLHandshakeException (PKIX path building failed: sun.security.provider.certpath.SunCertPathBuilderException: unable to find valid certification path to requested target) while downloading https://repo.scala-sbt.org/scalasbt/sbt-plugin-releases/org.scalameta/sbt-scalafmt/scala_2.12/sbt_1.0/2.4.6/ivys/ivy.xml
2022.09.11 18:06:13 INFO  [error]   download error: Caught javax.net.ssl.SSLHandshakeException (PKIX path building failed: sun.security.provider.certpath.SunCertPathBuilderException: unable to find valid certification path to requested target) while downloading https://repo.typesafe.com/typesafe/ivy-releases/org.scalameta/sbt-scalafmt/scala_2.12/sbt_1.0/2.4.6/ivys/ivy.xml
2022.09.11 18:06:13 INFO  [error] Error downloading org.scala-lang.modules:scala-xml_2.12:1.1.1
2022.09.11 18:06:13 INFO  [error]   Not found
2022.09.11 18:06:13 INFO  [error]   Not found
2022.09.11 18:06:13 INFO  [error]   download error: Caught javax.net.ssl.SSLHandshakeException (PKIX path building failed: sun.security.provider.certpath.SunCertPathBuilderException: unable to find valid certification path to requested target) while downloading https://repo1.maven.org/maven2/org/scala-lang/modules/scala-xml_2.12/1.1.1/scala-xml_2.12-1.1.1.pom
2022.09.11 18:06:13 INFO  [error]   not found: C:\Users\gruteke\.ivy2\localorg.scala-lang.modules\scala-xml_2.12\1.1.1\ivys\ivy.xml
2022.09.11 18:06:13 INFO  [error]   download error: Caught javax.net.ssl.SSLHandshakeException (PKIX path building failed: sun.security.provider.certpath.SunCertPathBuilderException: unable to find valid certification path to requested target) while downloading https://repo.scala-sbt.org/scalasbt/sbt-plugin-releases/org.scala-lang.modules/scala-xml_2.12/1.1.1/ivys/ivy.xml
2022.09.11 18:06:13 INFO  [error]   download error: Caught javax.net.ssl.SSLHandshakeException (PKIX path building failed: sun.security.provider.certpath.SunCertPathBuilderException: unable to find valid certification path to requested target) while downloading https://repo.typesafe.com/typesafe/ivy-releases/org.scala-lang.modules/scala-xml_2.12/1.1.1/ivys/ivy.xml
2022.09.11 18:06:13 INFO  [error] Error downloading org.scala-sbt:io_2.12:1.2.2
2022.09.11 18:06:13 INFO  [error]   Not found
2022.09.11 18:06:13 INFO  [error]   Not found
2022.09.11 18:06:13 INFO  [error]   download error: Caught javax.net.ssl.SSLHandshakeException (PKIX path building failed: sun.security.provider.certpath.SunCertPathBuilderException: unable to find valid certification path to requested target) while downloading https://repo1.maven.org/maven2/org/scala-sbt/io_2.12/1.2.2/io_2.12-1.2.2.pom
2022.09.11 18:06:13 INFO  [error]   not found: C:\Users\gruteke\.ivy2\localorg.scala-sbt\io_2.12\1.2.2\ivys\ivy.xml
2022.09.11 18:06:13 INFO  [error]   download error: Caught javax.net.ssl.SSLHandshakeException (PKIX path building failed: sun.security.provider.certpath.SunCertPathBuilderException: unable to find valid certification path to requested target) while downloading https://repo.scala-sbt.org/scalasbt/sbt-plugin-releases/org.scala-sbt/io_2.12/1.2.2/ivys/ivy.xml
2022.09.11 18:06:13 INFO  [error]   download error: Caught javax.net.ssl.SSLHandshakeException (PKIX path building failed: sun.security.provider.certpath.SunCertPathBuilderException: unable to find valid certification path to requested target) while downloading https://repo.typesafe.com/typesafe/ivy-releases/org.scala-sbt/io_2.12/1.2.2/ivys/ivy.xml))), directCause=None)), directCause=None)), directCause=None)), directCause=None)), directCause=None)), directCause=None), Incomplete(node=Some(Task(_)), tpe=Error, msg=None, causes=List(Incomplete(node=Some(Task((taskDefinitionKey: ScopedKey(Scope(Select(ProjectRef(file:/C:/Users/gruteke/Documents/GitHub/play-scala-react-seed/project/,play-scala-react-seed-build)), Select(ConfigKey(compile)), Zero, Zero),externalDependencyClasspath)))), tpe=Error, msg=None, causes=List(Incomplete(node=Some(Task(_)), tpe=Error, msg=None, causes=List(Incomplete(node=Some(Task((taskDefinitionKey: ScopedKey(Scope(Select(ProjectRef(file:/C:/Users/gruteke/Documents/GitHub/play-scala-react-seed/project/,play-scala-react-seed-build)), Select(ConfigKey(compile)), Zero, Zero),managedClasspath)))), tpe=Error, msg=None, causes=List(Incomplete(node=Some(Task(_)), tpe=Error, msg=None, causes=List(Incomplete(node=Some(Task((taskDefinitionKey: ScopedKey(Scope(Select(ProjectRef(file:/C:/Users/gruteke/Documents/GitHub/play-scala-react-seed/project/,play-scala-react-seed-build)), Zero, Zero, Zero),update)))), tpe=Error, msg=None, causes=List(Incomplete(node=Some(Task((tags: Map(Tag(update) -> 1, Tag(network) -> 1), taskDefinitionKey: ScopedKey(Scope(Select(ProjectRef(file:/C:/Users/gruteke/Documents/GitHub/play-scala-react-seed/project/,play-scala-react-seed-build)), Zero, Zero, Zero),update)))), tpe=Error, msg=None, causes=List(), directCause=Some(sbt.librarymanagement.ResolveException: Error downloading org.scalameta:sbt-scalafmt;sbtVersion=1.0;scalaVersion=2.12:2.4.6
2022.09.11 18:06:13 INFO  [error]   Not found
2022.09.11 18:06:13 INFO  [error]   Not found
2022.09.11 18:06:13 INFO  [error]   download error: Caught javax.net.ssl.SSLHandshakeException (PKIX path building failed: sun.security.provider.certpath.SunCertPathBuilderException: unable to find valid certification path to requested target) while downloading https://repo1.maven.org/maven2/org/scalameta/sbt-scalafmt_2.12_1.0/2.4.6/sbt-scalafmt-2.4.6.pom
2022.09.11 18:06:13 INFO  [error]   not found: C:\Users\gruteke\.ivy2\localorg.scalameta\sbt-scalafmt\scala_2.12\sbt_1.0\2.4.6\ivys\ivy.xml
2022.09.11 18:06:13 INFO  [error]   download error: Caught javax.net.ssl.SSLHandshakeException (PKIX path building failed: sun.security.provider.certpath.SunCertPathBuilderException: unable to find valid certification path to requested target) while downloading https://repo.scala-sbt.org/scalasbt/sbt-plugin-releases/org.scalameta/sbt-scalafmt/scala_2.12/sbt_1.0/2.4.6/ivys/ivy.xml
2022.09.11 18:06:13 INFO  [error]   download error: Caught javax.net.ssl.SSLHandshakeException (PKIX path building failed: sun.security.provider.certpath.SunCertPathBuilderException: unable to find valid certification path to requested target) while downloading https://repo.typesafe.com/typesafe/ivy-releases/org.scalameta/sbt-scalafmt/scala_2.12/sbt_1.0/2.4.6/ivys/ivy.xml
2022.09.11 18:06:13 INFO  [error] Error downloading org.scala-lang.modules:scala-xml_2.12:1.1.1
2022.09.11 18:06:13 INFO  [error]   Not found
2022.09.11 18:06:13 INFO  [error]   Not found
2022.09.11 18:06:13 INFO  [error]   download error: Caught javax.net.ssl.SSLHandshakeException (PKIX path building failed: sun.security.provider.certpath.SunCertPathBuilderException: unable to find valid certification path to requested target) while downloading https://repo1.maven.org/maven2/org/scala-lang/modules/scala-xml_2.12/1.1.1/scala-xml_2.12-1.1.1.pom
2022.09.11 18:06:13 INFO  [error]   not found: C:\Users\gruteke\.ivy2\localorg.scala-lang.modules\scala-xml_2.12\1.1.1\ivys\ivy.xml
2022.09.11 18:06:13 INFO  [error]   download error: Caught javax.net.ssl.SSLHandshakeException (PKIX path building failed: sun.security.provider.certpath.SunCertPathBuilderException: unable to find valid certification path to requested target) while downloading https://repo.scala-sbt.org/scalasbt/sbt-plugin-releases/org.scala-lang.modules/scala-xml_2.12/1.1.1/ivys/ivy.xml
2022.09.11 18:06:13 INFO  [error]   download error: Caught javax.net.ssl.SSLHandshakeException (PKIX path building failed: sun.security.provider.certpath.SunCertPathBuilderException: unable to find valid certification path to requested target) while downloading https://repo.typesafe.com/typesafe/ivy-releases/org.scala-lang.modules/scala-xml_2.12/1.1.1/ivys/ivy.xml
2022.09.11 18:06:13 INFO  [error] Error downloading org.scala-sbt:io_2.12:1.2.2
2022.09.11 18:06:13 INFO  [error]   Not found
2022.09.11 18:06:13 INFO  [error]   Not found
2022.09.11 18:06:13 INFO  [error]   download error: Caught javax.net.ssl.SSLHandshakeException (PKIX path building failed: sun.security.provider.certpath.SunCertPathBuilderException: unable to find valid certification path to requested target) while downloading https://repo1.maven.org/maven2/org/scala-sbt/io_2.12/1.2.2/io_2.12-1.2.2.pom
2022.09.11 18:06:13 INFO  [error]   not found: C:\Users\gruteke\.ivy2\localorg.scala-sbt\io_2.12\1.2.2\ivys\ivy.xml
2022.09.11 18:06:13 INFO  [error]   download error: Caught javax.net.ssl.SSLHandshakeException (PKIX path building failed: sun.security.provider.certpath.SunCertPathBuilderException: unable to find valid certification path to requested target) while downloading https://repo.scala-sbt.org/scalasbt/sbt-plugin-releases/org.scala-sbt/io_2.12/1.2.2/ivys/ivy.xml
2022.09.11 18:06:13 INFO  [error]   download error: Caught javax.net.ssl.SSLHandshakeException (PKIX path building failed: sun.security.provider.certpath.SunCertPathBuilderException: unable to find valid certification path to requested target) while downloading https://repo.typesafe.com/typesafe/ivy-releases/org.scala-sbt/io_2.12/1.2.2/ivys/ivy.xml))), directCause=None), Incomplete(node=Some(Task((taskDefinitionKey: ScopedKey(Scope(Select(ProjectRef(file:/C:/Users/gruteke/Documents/GitHub/play-scala-react-seed/project/,play-scala-react-seed-build)), Select(ConfigKey(compile)), Zero, Zero),classpathConfiguration)))), tpe=Error, msg=None, causes=List(Incomplete(node=Some(Task((taskDefinitionKey: ScopedKey(Scope(Select(ProjectRef(file:/C:/Users/gruteke/Documents/GitHub/play-scala-react-seed/project/,play-scala-react-seed-build)), Zero, Zero, Zero),update)))), tpe=Error, msg=None, causes=List(Incomplete(node=Some(Task((tags: Map(Tag(update) -> 1, Tag(network) -> 1), taskDefinitionKey: ScopedKey(Scope(Select(ProjectRef(file:/C:/Users/gruteke/Documents/GitHub/play-scala-react-seed/project/,play-scala-react-seed-build)), Zero, Zero, Zero),update)))), tpe=Error, msg=None, causes=List(), directCause=Some(sbt.librarymanagement.ResolveException: Error downloading org.scalameta:sbt-scalafmt;sbtVersion=1.0;scalaVersion=2.12:2.4.6
2022.09.11 18:06:13 INFO  [error]   Not found
2022.09.11 18:06:13 INFO  [error]   Not found
2022.09.11 18:06:13 INFO  [error]   download error: Caught javax.net.ssl.SSLHandshakeException (PKIX path building failed: sun.security.provider.certpath.SunCertPathBuilderException: unable to find valid certification path to requested target) while downloading https://repo1.maven.org/maven2/org/scalameta/sbt-scalafmt_2.12_1.0/2.4.6/sbt-scalafmt-2.4.6.pom
2022.09.11 18:06:13 INFO  [error]   not found: C:\Users\gruteke\.ivy2\localorg.scalameta\sbt-scalafmt\scala_2.12\sbt_1.0\2.4.6\ivys\ivy.xml
2022.09.11 18:06:13 INFO  [error]   download error: Caught javax.net.ssl.SSLHandshakeException (PKIX path building failed: sun.security.provider.certpath.SunCertPathBuilderException: unable to find valid certification path to requested target) while downloading https://repo.scala-sbt.org/scalasbt/sbt-plugin-releases/org.scalameta/sbt-scalafmt/scala_2.12/sbt_1.0/2.4.6/ivys/ivy.xml
2022.09.11 18:06:13 INFO  [error]   download error: Caught javax.net.ssl.SSLHandshakeException (PKIX path building failed: sun.security.provider.certpath.SunCertPathBuilderException: unable to find valid certification path to requested target) while downloading https://repo.typesafe.com/typesafe/ivy-releases/org.scalameta/sbt-scalafmt/scala_2.12/sbt_1.0/2.4.6/ivys/ivy.xml
2022.09.11 18:06:13 INFO  [error] Error downloading org.scala-lang.modules:scala-xml_2.12:1.1.1
2022.09.11 18:06:13 INFO  [error]   Not found
2022.09.11 18:06:13 INFO  [error]   Not found
2022.09.11 18:06:13 INFO  [error]   download error: Caught javax.net.ssl.SSLHandshakeException (PKIX path building failed: sun.security.provider.certpath.SunCertPathBuilderException: unable to find valid certification path to requested target) while downloading https://repo1.maven.org/maven2/org/scala-lang/modules/scala-xml_2.12/1.1.1/scala-xml_2.12-1.1.1.pom
2022.09.11 18:06:13 INFO  [error]   not found: C:\Users\gruteke\.ivy2\localorg.scala-lang.modules\scala-xml_2.12\1.1.1\ivys\ivy.xml
2022.09.11 18:06:13 INFO  [error]   download error: Caught javax.net.ssl.SSLHandshakeException (PKIX path building failed: sun.security.provider.certpath.SunCertPathBuilderException: unable to find valid certification path to requested target) while downloading https://repo.scala-sbt.org/scalasbt/sbt-plugin-releases/org.scala-lang.modules/scala-xml_2.12/1.1.1/ivys/ivy.xml
2022.09.11 18:06:13 INFO  [error]   download error: Caught javax.net.ssl.SSLHandshakeException (PKIX path building failed: sun.security.provider.certpath.SunCertPathBuilderException: unable to find valid certification path to requested target) while downloading https://repo.typesafe.com/typesafe/ivy-releases/org.scala-lang.modules/scala-xml_2.12/1.1.1/ivys/ivy.xml
2022.09.11 18:06:13 INFO  [error] Error downloading org.scala-sbt:io_2.12:1.2.2
2022.09.11 18:06:13 INFO  [error]   Not found
2022.09.11 18:06:13 INFO  [error]   Not found
2022.09.11 18:06:13 INFO  [error]   download error: Caught javax.net.ssl.SSLHandshakeException (PKIX path building failed: sun.security.provider.certpath.SunCertPathBuilderException: unable to find valid certification path to requested target) while downloading https://repo1.maven.org/maven2/org/scala-sbt/io_2.12/1.2.2/io_2.12-1.2.2.pom
2022.09.11 18:06:13 INFO  [error]   not found: C:\Users\gruteke\.ivy2\localorg.scala-sbt\io_2.12\1.2.2\ivys\ivy.xml
2022.09.11 18:06:13 INFO  [error]   download error: Caught javax.net.ssl.SSLHandshakeException (PKIX path building failed: sun.security.provider.certpath.SunCertPathBuilderException: unable to find valid certification path to requested target) while downloading https://repo.scala-sbt.org/scalasbt/sbt-plugin-releases/org.scala-sbt/io_2.12/1.2.2/ivys/ivy.xml
2022.09.11 18:06:13 INFO  [error]   download error: Caught javax.net.ssl.SSLHandshakeException (PKIX path building failed: sun.security.provider.certpath.SunCertPathBuilderException: unable to find valid certification path to requested target) while downloading https://repo.typesafe.com/typesafe/ivy-releases/org.scala-sbt/io_2.12/1.2.2/ivys/ivy.xml))), directCause=None)), directCause=None)), directCause=None)), directCause=None)), directCause=None)), directCause=None), Incomplete(node=Some(Task((taskDefinitionKey: ScopedKey(Scope(Select(ProjectRef(file:/C:/Users/gruteke/Documents/GitHub/play-scala-react-seed/project/,play-scala-react-seed-build)), Select(ConfigKey(compile)), Zero, Zero),bloopInternalClasspath)))), tpe=Error, msg=None, causes=List(Incomplete(node=Some(Task(_)), tpe=Error, msg=None, causes=List(Incomplete(node=Some(Task((taskDefinitionKey: ScopedKey(Scope(Select(ProjectRef(file:/C:/Users/gruteke/Documents/GitHub/play-scala-react-seed/project/,play-scala-react-seed-build)), Select(ConfigKey(compile)), Zero, Zero),classpathConfiguration)))), tpe=Error, msg=None, causes=List(Incomplete(node=Some(Task((taskDefinitionKey: ScopedKey(Scope(Select(ProjectRef(file:/C:/Users/gruteke/Documents/GitHub/play-scala-react-seed/project/,play-scala-react-seed-build)), Zero, Zero, Zero),update)))), tpe=Error, msg=None, causes=List(Incomplete(node=Some(Task((tags: Map(Tag(update) -> 1, Tag(network) -> 1), taskDefinitionKey: ScopedKey(Scope(Select(ProjectRef(file:/C:/Users/gruteke/Documents/GitHub/play-scala-react-seed/project/,play-scala-react-seed-build)), Zero, Zero, Zero),update)))), tpe=Error, msg=None, causes=List(), directCause=Some(sbt.librarymanagement.ResolveException: Error downloading org.scalameta:sbt-scalafmt;sbtVersion=1.0;scalaVersion=2.12:2.4.6
2022.09.11 18:06:13 INFO  [error]   Not found
2022.09.11 18:06:13 INFO  [error]   Not found
2022.09.11 18:06:13 INFO  [error]   download error: Caught javax.net.ssl.SSLHandshakeException (PKIX path building failed: sun.security.provider.certpath.SunCertPathBuilderException: unable to find valid certification path to requested target) while downloading https://repo1.maven.org/maven2/org/scalameta/sbt-scalafmt_2.12_1.0/2.4.6/sbt-scalafmt-2.4.6.pom
2022.09.11 18:06:13 INFO  [error]   not found: C:\Users\gruteke\.ivy2\localorg.scalameta\sbt-scalafmt\scala_2.12\sbt_1.0\2.4.6\ivys\ivy.xml
2022.09.11 18:06:13 INFO  [error]   download error: Caught javax.net.ssl.SSLHandshakeException (PKIX path building failed: sun.security.provider.certpath.SunCertPathBuilderException: unable to find valid certification path to requested target) while downloading https://repo.scala-sbt.org/scalasbt/sbt-plugin-releases/org.scalameta/sbt-scalafmt/scala_2.12/sbt_1.0/2.4.6/ivys/ivy.xml
2022.09.11 18:06:13 INFO  [error]   download error: Caught javax.net.ssl.SSLHandshakeException (PKIX path building failed: sun.security.provider.certpath.SunCertPathBuilderException: unable to find valid certification path to requested target) while downloading https://repo.typesafe.com/typesafe/ivy-releases/org.scalameta/sbt-scalafmt/scala_2.12/sbt_1.0/2.4.6/ivys/ivy.xml
2022.09.11 18:06:13 INFO  [error] Error downloading org.scala-lang.modules:scala-xml_2.12:1.1.1
2022.09.11 18:06:13 INFO  [error]   Not found
2022.09.11 18:06:13 INFO  [error]   Not found
2022.09.11 18:06:13 INFO  [error]   download error: Caught javax.net.ssl.SSLHandshakeException (PKIX path building failed: sun.security.provider.certpath.SunCertPathBuilderException: unable to find valid certification path to requested target) while downloading https://repo1.maven.org/maven2/org/scala-lang/modules/scala-xml_2.12/1.1.1/scala-xml_2.12-1.1.1.pom
2022.09.11 18:06:13 INFO  [error]   not found: C:\Users\gruteke\.ivy2\localorg.scala-lang.modules\scala-xml_2.12\1.1.1\ivys\ivy.xml
2022.09.11 18:06:13 INFO  [error]   download error: Caught javax.net.ssl.SSLHandshakeException (PKIX path building failed: sun.security.provider.certpath.SunCertPathBuilderException: unable to find valid certification path to requested target) while downloading https://repo.scala-sbt.org/scalasbt/sbt-plugin-releases/org.scala-lang.modules/scala-xml_2.12/1.1.1/ivys/ivy.xml
2022.09.11 18:06:13 INFO  [error]   download error: Caught javax.net.ssl.SSLHandshakeException (PKIX path building failed: sun.security.provider.certpath.SunCertPathBuilderException: unable to find valid certification path to requested target) while downloading https://repo.typesafe.com/typesafe/ivy-releases/org.scala-lang.modules/scala-xml_2.12/1.1.1/ivys/ivy.xml
2022.09.11 18:06:13 INFO  [error] Error downloading org.scala-sbt:io_2.12:1.2.2
2022.09.11 18:06:13 INFO  [error]   Not found
2022.09.11 18:06:13 INFO  [error]   Not found
2022.09.11 18:06:13 INFO  [error]   download error: Caught javax.net.ssl.SSLHandshakeException (PKIX path building failed: sun.security.provider.certpath.SunCertPathBuilderException: unable to find valid certification path to requested target) while downloading https://repo1.maven.org/maven2/org/scala-sbt/io_2.12/1.2.2/io_2.12-1.2.2.pom
2022.09.11 18:06:13 INFO  [error]   not found: C:\Users\gruteke\.ivy2\localorg.scala-sbt\io_2.12\1.2.2\ivys\ivy.xml
2022.09.11 18:06:13 INFO  [error]   download error: Caught javax.net.ssl.SSLHandshakeException (PKIX path building failed: sun.security.provider.certpath.SunCertPathBuilderException: unable to find valid certification path to requested target) while downloading https://repo.scala-sbt.org/scalasbt/sbt-plugin-releases/org.scala-sbt/io_2.12/1.2.2/ivys/ivy.xml
2022.09.11 18:06:13 INFO  [error]   download error: Caught javax.net.ssl.SSLHandshakeException (PKIX path building failed: sun.security.provider.certpath.SunCertPathBuilderException: unable to find valid certification path to requested target) while downloading https://repo.typesafe.com/typesafe/ivy-releases/org.scala-sbt/io_2.12/1.2.2/ivys/ivy.xml))), directCause=None)), directCause=None)), directCause=None)), directCause=None)), directCause=None)), directCause=None)
2022.09.11 18:06:13 INFO  [success] Total time: 12 s, completed 11 בספט׳ 2022, 18:06:14
2022.09.11 18:06:23 INFO  user cancelled sbt bloopInstall
2022.09.11 18:06:23 INFO  time: ran 'sbt bloopInstall' in 49s
2022.09.11 18:06:25 INFO  shutting down Metals
2022.09.11 18:07:24 INFO  tracing is disabled for protocol LSP, to enable tracing of incoming and outgoing JSON messages create an empty file at c:\Users\gruteke\Documents\GitHub\play-scala-react-seed\.metals\lsp.trace.json or C:\Users\gruteke\AppData\Local\scalameta\metals\cache\lsp.trace.json
2022.09.11 18:07:26 INFO  logging to file C:\Users\gruteke\Documents\GitHub\play-scala-react-seed\.metals\metals.log
2022.09.11 18:07:26 INFO  Started: Metals version 0.11.8 in workspace 'C:\Users\gruteke\Documents\GitHub\play-scala-react-seed' for client Visual Studio Code 1.71.0.
2022.09.11 18:07:29 WARN  Flyway upgrade recommended: H2 2.1.214 is newer than this version of Flyway and support has not been tested. The latest supported version of H2 is 2.1.210.
2022.09.11 18:07:30 INFO  time: initialize in 4.1s
2022.09.11 18:07:34 WARN  Build server is not auto-connectable.
2022.09.11 18:07:34 INFO  skipping build import with status 'Cancelled'
2022.09.11 18:08:36 INFO  shutting down Metals
2022.09.11 18:10:08 INFO  tracing is disabled for protocol LSP, to enable tracing of incoming and outgoing JSON messages create an empty file at c:\Users\gruteke\Documents\GitHub\play-scala-react-seed\.metals\lsp.trace.json or C:\Users\gruteke\AppData\Local\scalameta\metals\cache\lsp.trace.json
2022.09.11 18:10:11 INFO  logging to file C:\Users\gruteke\Documents\GitHub\play-scala-react-seed\.metals\metals.log
2022.09.11 18:10:11 INFO  Started: Metals version 0.11.8 in workspace 'C:\Users\gruteke\Documents\GitHub\play-scala-react-seed' for client Visual Studio Code 1.71.0.
2022.09.11 18:10:12 WARN  Flyway upgrade recommended: H2 2.1.214 is newer than this version of Flyway and support has not been tested. The latest supported version of H2 is 2.1.210.
2022.09.11 18:10:13 INFO  time: initialize in 2.43s
2022.09.11 18:10:16 WARN  Build server is not auto-connectable.
2022.09.11 18:10:17 INFO  skipping build import with status 'Cancelled'
2022.09.11 18:11:11 WARN  no build target for: C:\Users\gruteke\Documents\GitHub\play-scala-react-seed\build.sbt
2022.09.11 18:11:20 INFO  no build target found for C:\Users\gruteke\Documents\GitHub\play-scala-react-seed\build.sbt. Using presentation compiler with project's scala-library version: 3.1.3
2022.09.11 18:11:26 INFO  time: code lens generation in 14s
2022.09.11 18:12:25 WARN  no build target for: C:\Users\gruteke\Documents\GitHub\play-scala-react-seed\app\controllers\FrontendController.scala
2022.09.11 18:13:11 WARN  no build target for: C:\Users\gruteke\Documents\GitHub\play-scala-react-seed\ui-build.sbt
2022.09.11 18:16:15 INFO  shutting down Metals
2022.09.11 18:22:41 INFO  tracing is disabled for protocol LSP, to enable tracing of incoming and outgoing JSON messages create an empty file at c:\Users\gruteke\Documents\GitHub\play-scala-react-seed\.metals\lsp.trace.json or C:\Users\gruteke\AppData\Local\scalameta\metals\cache\lsp.trace.json
2022.09.11 18:22:47 INFO  logging to file C:\Users\gruteke\Documents\GitHub\play-scala-react-seed\.metals\metals.log
2022.09.11 18:22:47 INFO  Started: Metals version 0.11.8 in workspace 'C:\Users\gruteke\Documents\GitHub\play-scala-react-seed' for client Visual Studio Code 1.71.0.
2022.09.11 18:22:52 WARN  Flyway upgrade recommended: H2 2.1.214 is newer than this version of Flyway and support has not been tested. The latest supported version of H2 is 2.1.210.
2022.09.11 18:22:53 INFO  time: initialize in 6.89s
2022.09.11 18:22:59 WARN  Build server is not auto-connectable.
2022.09.11 18:22:59 WARN  no build target for: C:\Users\gruteke\Documents\GitHub\play-scala-react-seed\app\controllers\FrontendController.scala
2022.09.11 18:23:01 INFO  skipping build import with status 'Cancelled'
2022.09.11 18:23:13 INFO  no build target found for C:\Users\gruteke\Documents\GitHub\play-scala-react-seed\app\controllers\FrontendController.scala. Using presentation compiler with project's scala-library version: 3.1.3
2022.09.11 18:23:14 WARN  no build target for: C:\Users\gruteke\Documents\GitHub\play-scala-react-seed\app\controllers\HomeController.scala
 11, 2022 6:23:14  org.eclipse.lsp4j.jsonrpc.RemoteEndpoint handleCancellation
WARNING: Unmatched cancel notification for request id 5
2022.09.11 18:23:22 INFO  time: code lens generation in 20s
2022.09.11 18:23:22 INFO  time: code lens generation in 7.44s
2022.09.11 18:25:32 WARN  no build target for: C:\Users\gruteke\Documents\GitHub\play-scala-react-seed\app\controllers\HomeController.scala
2022.09.11 18:25:58 WARN  no build target for: C:\Users\gruteke\Documents\GitHub\play-scala-react-seed\build.sbt
2022.09.11 18:26:05 WARN  no build target for: C:\Users\gruteke\Documents\GitHub\play-scala-react-seed\ui-build.sbt
2022.09.11 18:26:59 INFO  shutting down Metals
2022.09.11 20:20:38 INFO  tracing is disabled for protocol LSP, to enable tracing of incoming and outgoing JSON messages create an empty file at c:\GitHub\play-scala-react-seed\.metals\lsp.trace.json or C:\Users\rgrut\AppData\Local\scalameta\metals\cache\lsp.trace.json
2022.09.11 20:20:39 INFO  logging to file C:\GitHub\play-scala-react-seed\.metals\metals.log
2022.09.11 20:20:39 INFO  Started: Metals version 0.11.8 in workspace 'C:\GitHub\play-scala-react-seed' for client Visual Studio Code 1.70.2.
2022.09.11 20:20:40 WARN  Flyway upgrade recommended: H2 2.1.214 is newer than this version of Flyway and support has not been tested. The latest supported version of H2 is 2.1.210.
2022.09.11 20:20:41 INFO  time: initialize in 2.01s
2022.09.11 20:20:43 WARN  Build server is not auto-connectable.
2022.09.11 20:20:46 INFO  running 'C:\Users\rgrut\.jabba\jdk\adopt@1.11.0-11\bin\java -Djline.terminal=jline.UnsupportedTerminal -Dsbt.log.noformat=true -Dfile.encoding=UTF-8 -jar C:\Users\rgrut\AppData\Local\Temp\metals13813201141748005108\sbt-launch.jar -Dbloop.export-jar-classifiers=sources bloopInstall'
2022.09.11 20:20:49 INFO  [info] welcome to sbt 1.7.1 (AdoptOpenJDK Java 11.0.11)
2022.09.11 20:20:51 INFO  [info] loading global plugins from C:\Users\rgrut\.sbt\1.0\plugins
2022.09.11 20:20:53 INFO  [info] loading settings for project play-scala-react-seed-build-build-build from metals.sbt ...
2022.09.11 20:20:53 INFO  [info] loading project definition from C:\GitHub\play-scala-react-seed\project\project\project
2022.09.11 20:20:53 INFO  [info] loading settings for project play-scala-react-seed-build-build from metals.sbt ...
2022.09.11 20:20:53 INFO  [info] loading project definition from C:\GitHub\play-scala-react-seed\project\project
2022.09.11 20:21:05 INFO  [success] Generated .bloop\play-scala-react-seed-build-build.json
2022.09.11 20:21:05 INFO  [success] Total time: 11 s, completed 11 Sep 2022, 20:21:05
2022.09.11 20:21:05 INFO  [info] loading settings for project play-scala-react-seed-build from metals.sbt,plugins.sbt ...
2022.09.11 20:21:05 INFO  [info] loading project definition from C:\GitHub\play-scala-react-seed\project
2022.09.11 20:21:11 INFO  [success] Generated .bloop\play-scala-react-seed-build.json
2022.09.11 20:21:11 INFO  [info] compiling 2 Scala sources to C:\GitHub\play-scala-react-seed\project\target\scala-2.12\sbt-1.0\classes ...
2022.09.11 20:21:11 INFO  [info] Non-compiled module 'compiler-bridge_2.12' for Scala 2.12.16. Compiling...
2022.09.11 20:21:27 INFO  [info]   Compilation completed in 15.472s.
2022.09.11 20:21:30 INFO  [info] done compiling
2022.09.11 20:21:30 INFO  [success] Total time: 25 s, completed 11 Sep 2022, 20:21:31
2022.09.11 20:21:38 ERROR C:\GitHub\play-scala-react-seed\build.sbt:11: warning: method sonatypeRepo in class ResolverFunctions is deprecated (since 1.7.0): Use sonatypeOssRepos instead
2022.09.11 20:21:38 ERROR resolvers += Resolver.sonatypeRepo("snapshots")
2022.09.11 20:21:38 ERROR                       ^
2022.09.11 20:21:42 ERROR C:\GitHub\play-scala-react-seed\ui-build.sbt:108: warning: method in in trait ScopingSetting is deprecated (since 1.5.0): `in` is deprecated; migrate to slash syntax - https://www.scala-sbt.org/1.x/docs/Migrating-from-sbt-013x.html#slash
2022.09.11 20:21:42 ERROR test := ((test in Test) dependsOn `ui-test`).value
2022.09.11 20:21:42 ERROR                ^
2022.09.11 20:21:43 INFO  [info] loading settings for project root from build.sbt,ui-build.sbt ...
2022.09.11 20:21:43 INFO  [info]   __              __
2022.09.11 20:21:43 INFO  [info]   \ \     ____   / /____ _ __  __
2022.09.11 20:21:43 INFO  [info]    \ \   / __ \ / // __ `// / / /
2022.09.11 20:21:43 INFO  [info]    / /  / /_/ // // /_/ // /_/ /
2022.09.11 20:21:43 INFO  [info]   /_/  / .___//_/ \__,_/ \__, /
2022.09.11 20:21:43 INFO  [info]       /_/               /____/
2022.09.11 20:21:43 INFO  [info] 
2022.09.11 20:21:43 INFO  [info] Version 2.8.16 running Java 11.0.11
2022.09.11 20:21:43 INFO  [info] 
2022.09.11 20:21:43 INFO  [info] Play is run entirely by the community. Please consider contributing and/or donating:
2022.09.11 20:21:43 INFO  [info] https://www.playframework.com/sponsors
2022.09.11 20:21:43 INFO  [info] 
2022.09.11 20:21:53 INFO  [success] Generated .bloop\root.json
2022.09.11 20:21:53 INFO  [success] Generated .bloop\root-test.json
2022.09.11 20:21:53 INFO  [success] Total time: 10 s, completed 11 Sep 2022, 20:21:53
2022.09.11 20:21:54 INFO  time: ran 'sbt bloopInstall' in 1m7s
2022.09.11 20:21:54 INFO  Attempting to connect to the build server...
2022.09.11 20:21:54 INFO  Setting up current java home C:\Users\rgrut\.jabba\jdk\adopt@1.11.0-11 in C:\Users\rgrut\.bloop\bloop.json
2022.09.11 20:22:12 INFO  tracing is disabled for protocol BSP, to enable tracing of incoming and outgoing JSON messages create an empty file at C:\GitHub\play-scala-react-seed\.metals\bsp.trace.json or C:\Users\rgrut\AppData\Local\scalameta\metals\cache\bsp.trace.json
2022.09.11 20:22:16 INFO  Attempting to connect to the build server...
2022.09.11 20:22:16 INFO  Bloop uses C:\Users\rgrut\.jabba\jdk\adopt@1.11.0-11 defined at C:\Users\rgrut\.bloop\bloop.json
2022.09.11 20:22:16 INFO  Attempting to connect to the build server...
2022.09.11 20:22:16 INFO  Bloop uses C:\Users\rgrut\.jabba\jdk\adopt@1.11.0-11 defined at C:\Users\rgrut\.bloop\bloop.json
2022.09.11 20:22:16 INFO  tracing is disabled for protocol BSP, to enable tracing of incoming and outgoing JSON messages create an empty file at C:\GitHub\play-scala-react-seed\project\.metals\bsp.trace.json or C:\Users\rgrut\AppData\Local\scalameta\metals\cache\bsp.trace.json
2022.09.11 20:22:17 INFO  tracing is disabled for protocol BSP, to enable tracing of incoming and outgoing JSON messages create an empty file at C:\GitHub\play-scala-react-seed\project\project\.metals\bsp.trace.json or C:\Users\rgrut\AppData\Local\scalameta\metals\cache\bsp.trace.json
2022.09.11 20:22:20 INFO  time: Connected to build server in 26s
2022.09.11 20:22:20 INFO  Connected to Build server: Bloop v1.5.3
2022.09.11 20:22:21 INFO  time: Imported build in 0.27s
2022.09.11 20:22:25 INFO  Required scalafmt dialect rewrite to 'scala213'. Directories:
- app
- test
- target\scala-2.13\routes\main
2022.09.11 20:22:35 INFO  time: indexed workspace in 13s
2022.09.11 20:35:52 INFO  shutting down Metals
2022.09.11 20:35:52 INFO  Shut down connection with build server.
2022.09.11 20:35:52 INFO  Shut down connection with build server.
2022.09.11 20:35:52 INFO  Shut down connection with build server.
2022.09.11 20:36:15 INFO  tracing is disabled for protocol LSP, to enable tracing of incoming and outgoing JSON messages create an empty file at c:\GitHub\play-scala-react-seed\.metals\lsp.trace.json or C:\Users\rgrut\AppData\Local\scalameta\metals\cache\lsp.trace.json
2022.09.11 20:36:17 INFO  logging to file C:\GitHub\play-scala-react-seed\.metals\metals.log
2022.09.11 20:36:17 INFO  Started: Metals version 0.11.8 in workspace 'C:\GitHub\play-scala-react-seed' for client Visual Studio Code 1.71.0.
2022.09.11 20:36:19 WARN  Flyway upgrade recommended: H2 2.1.214 is newer than this version of Flyway and support has not been tested. The latest supported version of H2 is 2.1.210.
2022.09.11 20:36:21 INFO  time: initialize in 3.71s
2022.09.11 20:36:24 INFO  Attempting to connect to the build server...
2022.09.11 20:36:24 INFO  Bloop uses C:\Users\rgrut\.jabba\jdk\adopt@1.11.0-11 defined at C:\Users\rgrut\.bloop\bloop.json
2022.09.11 20:36:24 INFO  tracing is disabled for protocol BSP, to enable tracing of incoming and outgoing JSON messages create an empty file at C:\GitHub\play-scala-react-seed\.metals\bsp.trace.json or C:\Users\rgrut\AppData\Local\scalameta\metals\cache\bsp.trace.json
2022.09.11 20:36:24 INFO  skipping build import with status 'Installed'
2022.09.11 20:36:24 INFO  Attempting to connect to the build server...
2022.09.11 20:36:24 INFO  Bloop uses C:\Users\rgrut\.jabba\jdk\adopt@1.11.0-11 defined at C:\Users\rgrut\.bloop\bloop.json
2022.09.11 20:36:24 INFO  Attempting to connect to the build server...
2022.09.11 20:36:24 INFO  Bloop uses C:\Users\rgrut\.jabba\jdk\adopt@1.11.0-11 defined at C:\Users\rgrut\.bloop\bloop.json
2022.09.11 20:36:24 INFO  tracing is disabled for protocol BSP, to enable tracing of incoming and outgoing JSON messages create an empty file at C:\GitHub\play-scala-react-seed\project\project\.metals\bsp.trace.json or C:\Users\rgrut\AppData\Local\scalameta\metals\cache\bsp.trace.json
2022.09.11 20:36:24 INFO  tracing is disabled for protocol BSP, to enable tracing of incoming and outgoing JSON messages create an empty file at C:\GitHub\play-scala-react-seed\project\.metals\bsp.trace.json or C:\Users\rgrut\AppData\Local\scalameta\metals\cache\bsp.trace.json
2022.09.11 20:36:24 INFO  time: Connected to build server in 0.84s
2022.09.11 20:36:24 INFO  Connected to Build server: Bloop v1.5.3
2022.09.11 20:36:24 INFO  time: Imported build in 0.35s
2022.09.11 20:36:40 INFO  time: indexed workspace in 14s
2022.09.11 20:40:06 INFO  shutting down Metals
2022.09.11 20:40:06 INFO  Shut down connection with build server.
2022.09.11 20:40:06 INFO  Shut down connection with build server.
2022.09.11 20:40:06 INFO  Shut down connection with build server.
